30-11-2018 09:07:46.134 [localhost-startStop-1] INFO  be.belga.reporter.ServletInitializer.logStarting - Starting ServletInitializer v0.0.1-SNAPSHOT on DESKTOP-IP018N7 with PID 6076 (D:\belga-reporter-new\belgareporter\.metadata\.plugins\org.eclipse.wst.server.core\tmp0\wtpwebapps\web-api\WEB-INF\classes started by NHAT.LE in D:\eclipse-jee-photon\eclipse)
30-11-2018 09:07:46.146 [localhost-startStop-1] DEBUG be.belga.reporter.ServletInitializer.logStarting - Running with Spring Boot v2.0.2.RELEASE, Spring v5.0.6.RELEASE
30-11-2018 09:07:46.154 [localhost-startStop-1] INFO  be.belga.reporter.ServletInitializer.logStartupProfileInfo - No active profile set, falling back to default profiles: default
30-11-2018 09:07:57.042 [localhost-startStop-1] INFO  o.h.jpa.internal.util.LogHelper.logPersistenceUnitInformation - HHH000204: Processing PersistenceUnitInfo [
	name: default
	...]
30-11-2018 09:07:57.438 [localhost-startStop-1] INFO  org.hibernate.Version.logVersion - HHH000412: Hibernate Core {5.2.17.Final}
30-11-2018 09:07:57.441 [localhost-startStop-1] INFO  org.hibernate.cfg.Environment.<clinit> - HHH000206: hibernate.properties not found
30-11-2018 09:07:57.536 [localhost-startStop-1] INFO  o.h.annotations.common.Version.<clinit> - HCANN000001: Hibernate Commons Annotations {5.0.1.Final}
30-11-2018 09:07:57.849 [localhost-startStop-1] INFO  org.hibernate.dialect.Dialect.<init> - HHH000400: Using dialect: org.hibernate.dialect.MySQL5Dialect
30-11-2018 09:07:59.469 [localhost-startStop-1] INFO  o.h.h.i.QueryTranslatorFactoryInitiator.initiateService - HHH000397: Using ASTQueryTranslatorFactory
30-11-2018 09:08:02.003 [localhost-startStop-1] DEBUG b.b.reporter.config.SpringBootConfig.dataPath - Data path: D:/belga-reporter/
30-11-2018 09:08:03.239 [localhost-startStop-1] WARN  o.s.s.o.p.t.s.JwtAccessTokenConverter.afterPropertiesSet - Unable to create an RSA verifier from verifierKey (ignoreable if using MAC)
30-11-2018 09:08:03.534 [localhost-startStop-1] WARN  o.s.b.a.o.j.JpaBaseConfiguration$JpaWebConfiguration$JpaWebMvcConfiguration.openEntityManagerInViewInterceptor - spring.jpa.open-in-view is enabled by default. Therefore, database queries may be performed during view rendering. Explicitly configure spring.jpa.open-in-view to disable this warning
30-11-2018 09:08:06.813 [localhost-startStop-1] WARN  o.s.s.c.a.web.builders.WebSecurity.performBuild - 

********************************************************************
**********        Security debugging is enabled.       *************
**********    This may include sensitive information.  *************
**********      Do not use in a production system!     *************
********************************************************************


30-11-2018 09:08:11.005 [localhost-startStop-1] INFO  be.belga.reporter.ServletInitializer.logStarted - Started ServletInitializer in 25.765 seconds (JVM running for 44.879)
30-11-2018 09:30:03.333 [localhost-startStop-1] INFO  be.belga.reporter.ServletInitializer.logStarting - Starting ServletInitializer v0.0.1-SNAPSHOT on DESKTOP-IP018N7 with PID 3476 (D:\belga-reporter-new\belgareporter\.metadata\.plugins\org.eclipse.wst.server.core\tmp0\wtpwebapps\web-api\WEB-INF\classes started by NHAT.LE in D:\eclipse-jee-photon\eclipse)
30-11-2018 09:30:03.340 [localhost-startStop-1] DEBUG be.belga.reporter.ServletInitializer.logStarting - Running with Spring Boot v2.0.2.RELEASE, Spring v5.0.6.RELEASE
30-11-2018 09:30:03.344 [localhost-startStop-1] INFO  be.belga.reporter.ServletInitializer.logStartupProfileInfo - No active profile set, falling back to default profiles: default
30-11-2018 09:30:12.160 [localhost-startStop-1] INFO  o.h.jpa.internal.util.LogHelper.logPersistenceUnitInformation - HHH000204: Processing PersistenceUnitInfo [
	name: default
	...]
30-11-2018 09:30:12.644 [localhost-startStop-1] INFO  org.hibernate.Version.logVersion - HHH000412: Hibernate Core {5.2.17.Final}
30-11-2018 09:30:12.650 [localhost-startStop-1] INFO  org.hibernate.cfg.Environment.<clinit> - HHH000206: hibernate.properties not found
30-11-2018 09:30:12.842 [localhost-startStop-1] INFO  o.h.annotations.common.Version.<clinit> - HCANN000001: Hibernate Commons Annotations {5.0.1.Final}
30-11-2018 09:30:13.126 [localhost-startStop-1] INFO  org.hibernate.dialect.Dialect.<init> - HHH000400: Using dialect: org.hibernate.dialect.MySQL5Dialect
30-11-2018 09:30:14.629 [localhost-startStop-1] INFO  o.h.h.i.QueryTranslatorFactoryInitiator.initiateService - HHH000397: Using ASTQueryTranslatorFactory
30-11-2018 09:30:16.144 [localhost-startStop-1] DEBUG b.b.reporter.config.SpringBootConfig.dataPath - Data path: D:/belga-reporter/
30-11-2018 09:30:17.089 [localhost-startStop-1] WARN  o.s.s.o.p.t.s.JwtAccessTokenConverter.afterPropertiesSet - Unable to create an RSA verifier from verifierKey (ignoreable if using MAC)
30-11-2018 09:30:17.366 [localhost-startStop-1] WARN  o.s.b.a.o.j.JpaBaseConfiguration$JpaWebConfiguration$JpaWebMvcConfiguration.openEntityManagerInViewInterceptor - spring.jpa.open-in-view is enabled by default. Therefore, database queries may be performed during view rendering. Explicitly configure spring.jpa.open-in-view to disable this warning
30-11-2018 09:30:19.849 [localhost-startStop-1] WARN  o.s.s.c.a.web.builders.WebSecurity.performBuild - 

********************************************************************
**********        Security debugging is enabled.       *************
**********    This may include sensitive information.  *************
**********      Do not use in a production system!     *************
********************************************************************


30-11-2018 09:30:24.061 [localhost-startStop-1] INFO  be.belga.reporter.ServletInitializer.logStarted - Started ServletInitializer in 21.746 seconds (JVM running for 37.434)
30-11-2018 09:30:32.780 [http-nio-8080-exec-5] ERROR o.s.b.w.s.support.ErrorPageFilter.handleCommittedResponse - Cannot forward to error page for request [/images/No_image_available.png] as the response has already been committed. As a result, the response may have the wrong status code. If your application is running on WebSphere Application Server you may be able to resolve this problem by setting com.ibm.ws.webcontainer.invokeFlushAfterService to false
org.apache.catalina.connector.ClientAbortException: java.io.IOException: An established connection was aborted by the software in your host machine
	at org.apache.catalina.connector.OutputBuffer.doFlush(OutputBuffer.java:321)
	at org.apache.catalina.connector.OutputBuffer.flush(OutputBuffer.java:284)
	at org.apache.catalina.connector.CoyoteOutputStream.flush(CoyoteOutputStream.java:118)
	at org.springframework.security.web.util.OnCommittedResponseWrapper$SaveContextServletOutputStream.flush(OnCommittedResponseWrapper.java:514)
	at org.springframework.util.StreamUtils.copy(StreamUtils.java:143)
	at org.springframework.http.converter.ResourceHttpMessageConverter.writeContent(ResourceHttpMessageConverter.java:132)
	at org.springframework.http.converter.ResourceHttpMessageConverter.writeInternal(ResourceHttpMessageConverter.java:124)
	at org.springframework.http.converter.ResourceHttpMessageConverter.writeInternal(ResourceHttpMessageConverter.java:45)
	at org.springframework.http.converter.AbstractHttpMessageConverter.write(AbstractHttpMessageConverter.java:224)
	at org.springframework.web.servlet.resource.ResourceHttpRequestHandler.handleRequest(ResourceHttpRequestHandler.java:487)
	at org.springframework.web.servlet.mvc.HttpRequestHandlerAdapter.handle(HttpRequestHandlerAdapter.java:53)
	at org.springframework.web.servlet.DispatcherServlet.doDispatch(DispatcherServlet.java:991)
	at org.springframework.web.servlet.DispatcherServlet.doService(DispatcherServlet.java:925)
	at org.springframework.web.servlet.FrameworkServlet.processRequest(FrameworkServlet.java:974)
	at org.springframework.web.servlet.FrameworkServlet.doGet(FrameworkServlet.java:866)
	at javax.servlet.http.HttpServlet.service(HttpServlet.java:635)
	at org.springframework.web.servlet.FrameworkServlet.service(FrameworkServlet.java:851)
	at javax.servlet.http.HttpServlet.service(HttpServlet.java:742)
	at org.apache.catalina.core.ApplicationFilterChain.internalDoFilter(ApplicationFilterChain.java:231)
	at org.apache.catalina.core.ApplicationFilterChain.doFilter(ApplicationFilterChain.java:166)
	at org.apache.tomcat.websocket.server.WsFilter.doFilter(WsFilter.java:52)
	at org.apache.catalina.core.ApplicationFilterChain.internalDoFilter(ApplicationFilterChain.java:193)
	at org.apache.catalina.core.ApplicationFilterChain.doFilter(ApplicationFilterChain.java:166)
	at org.springframework.boot.actuate.metrics.web.servlet.WebMvcMetricsFilter.filterAndRecordMetrics(WebMvcMetricsFilter.java:158)
	at org.springframework.boot.actuate.metrics.web.servlet.WebMvcMetricsFilter.filterAndRecordMetrics(WebMvcMetricsFilter.java:126)
	at org.springframework.boot.actuate.metrics.web.servlet.WebMvcMetricsFilter.doFilterInternal(WebMvcMetricsFilter.java:111)
	at org.springframework.web.filter.OncePerRequestFilter.doFilter(OncePerRequestFilter.java:107)
	at org.apache.catalina.core.ApplicationFilterChain.internalDoFilter(ApplicationFilterChain.java:193)
	at org.apache.catalina.core.ApplicationFilterChain.doFilter(ApplicationFilterChain.java:166)
	at org.springframework.boot.actuate.web.trace.servlet.HttpTraceFilter.doFilterInternal(HttpTraceFilter.java:84)
	at org.springframework.web.filter.OncePerRequestFilter.doFilter(OncePerRequestFilter.java:107)
	at org.apache.catalina.core.ApplicationFilterChain.internalDoFilter(ApplicationFilterChain.java:193)
	at org.apache.catalina.core.ApplicationFilterChain.doFilter(ApplicationFilterChain.java:166)
	at org.springframework.security.web.FilterChainProxy$VirtualFilterChain.doFilter(FilterChainProxy.java:320)
	at org.springframework.security.web.access.intercept.FilterSecurityInterceptor.invoke(FilterSecurityInterceptor.java:127)
	at org.springframework.security.web.access.intercept.FilterSecurityInterceptor.doFilter(FilterSecurityInterceptor.java:91)
	at org.springframework.security.web.FilterChainProxy$VirtualFilterChain.doFilter(FilterChainProxy.java:334)
	at org.springframework.security.web.access.ExceptionTranslationFilter.doFilter(ExceptionTranslationFilter.java:119)
	at org.springframework.security.web.FilterChainProxy$VirtualFilterChain.doFilter(FilterChainProxy.java:334)
	at org.springframework.security.web.session.SessionManagementFilter.doFilter(SessionManagementFilter.java:137)
	at org.springframework.security.web.FilterChainProxy$VirtualFilterChain.doFilter(FilterChainProxy.java:334)
	at org.springframework.security.web.servletapi.SecurityContextHolderAwareRequestFilter.doFilter(SecurityContextHolderAwareRequestFilter.java:170)
	at org.springframework.security.web.FilterChainProxy$VirtualFilterChain.doFilter(FilterChainProxy.java:334)
	at org.springframework.security.web.savedrequest.RequestCacheAwareFilter.doFilter(RequestCacheAwareFilter.java:63)
	at org.springframework.security.web.FilterChainProxy$VirtualFilterChain.doFilter(FilterChainProxy.java:334)
	at org.springframework.security.oauth2.provider.authentication.OAuth2AuthenticationProcessingFilter.doFilter(OAuth2AuthenticationProcessingFilter.java:176)
	at org.springframework.security.web.FilterChainProxy$VirtualFilterChain.doFilter(FilterChainProxy.java:334)
	at org.springframework.security.web.authentication.logout.LogoutFilter.doFilter(LogoutFilter.java:116)
	at org.springframework.security.web.FilterChainProxy$VirtualFilterChain.doFilter(FilterChainProxy.java:334)
	at org.springframework.security.web.header.HeaderWriterFilter.doFilterInternal(HeaderWriterFilter.java:66)
	at org.springframework.web.filter.OncePerRequestFilter.doFilter(OncePerRequestFilter.java:107)
	at org.springframework.security.web.FilterChainProxy$VirtualFilterChain.doFilter(FilterChainProxy.java:334)
	at org.springframework.security.web.context.SecurityContextPersistenceFilter.doFilter(SecurityContextPersistenceFilter.java:105)
	at org.springframework.security.web.FilterChainProxy$VirtualFilterChain.doFilter(FilterChainProxy.java:334)
	at org.springframework.security.web.context.request.async.WebAsyncManagerIntegrationFilter.doFilterInternal(WebAsyncManagerIntegrationFilter.java:56)
	at org.springframework.web.filter.OncePerRequestFilter.doFilter(OncePerRequestFilter.java:107)
	at org.springframework.security.web.FilterChainProxy$VirtualFilterChain.doFilter(FilterChainProxy.java:334)
	at org.springframework.security.web.FilterChainProxy.doFilterInternal(FilterChainProxy.java:215)
	at org.springframework.security.web.FilterChainProxy.doFilter(FilterChainProxy.java:178)
	at org.springframework.security.web.debug.DebugFilter.invokeWithWrappedRequest(DebugFilter.java:90)
	at org.springframework.security.web.debug.DebugFilter.doFilter(DebugFilter.java:77)
	at org.springframework.web.filter.DelegatingFilterProxy.invokeDelegate(DelegatingFilterProxy.java:357)
	at org.springframework.web.filter.DelegatingFilterProxy.doFilter(DelegatingFilterProxy.java:270)
	at org.apache.catalina.core.ApplicationFilterChain.internalDoFilter(ApplicationFilterChain.java:193)
	at org.apache.catalina.core.ApplicationFilterChain.doFilter(ApplicationFilterChain.java:166)
	at org.springframework.boot.web.servlet.support.ErrorPageFilter.doFilter(ErrorPageFilter.java:117)
	at org.springframework.boot.web.servlet.support.ErrorPageFilter.access$000(ErrorPageFilter.java:61)
	at org.springframework.boot.web.servlet.support.ErrorPageFilter$1.doFilterInternal(ErrorPageFilter.java:92)
	at org.springframework.web.filter.OncePerRequestFilter.doFilter(OncePerRequestFilter.java:107)
	at org.springframework.boot.web.servlet.support.ErrorPageFilter.doFilter(ErrorPageFilter.java:110)
	at org.apache.catalina.core.ApplicationFilterChain.internalDoFilter(ApplicationFilterChain.java:193)
	at org.apache.catalina.core.ApplicationFilterChain.doFilter(ApplicationFilterChain.java:166)
	at org.springframework.web.filter.CharacterEncodingFilter.doFilterInternal(CharacterEncodingFilter.java:200)
	at org.springframework.web.filter.OncePerRequestFilter.doFilter(OncePerRequestFilter.java:107)
	at org.apache.catalina.core.ApplicationFilterChain.internalDoFilter(ApplicationFilterChain.java:193)
	at org.apache.catalina.core.ApplicationFilterChain.doFilter(ApplicationFilterChain.java:166)
	at org.apache.catalina.core.StandardWrapperValve.invoke(StandardWrapperValve.java:198)
	at org.apache.catalina.core.StandardContextValve.invoke(StandardContextValve.java:96)
	at org.apache.catalina.authenticator.AuthenticatorBase.invoke(AuthenticatorBase.java:478)
	at org.apache.catalina.core.StandardHostValve.invoke(StandardHostValve.java:140)
	at org.apache.catalina.valves.ErrorReportValve.invoke(ErrorReportValve.java:80)
	at org.apache.catalina.valves.AbstractAccessLogValve.invoke(AbstractAccessLogValve.java:624)
	at org.apache.catalina.core.StandardEngineValve.invoke(StandardEngineValve.java:87)
	at org.apache.catalina.connector.CoyoteAdapter.service(CoyoteAdapter.java:342)
	at org.apache.coyote.http11.Http11Processor.service(Http11Processor.java:799)
	at org.apache.coyote.AbstractProcessorLight.process(AbstractProcessorLight.java:66)
	at org.apache.coyote.AbstractProtocol$ConnectionHandler.process(AbstractProtocol.java:861)
	at org.apache.tomcat.util.net.NioEndpoint$SocketProcessor.doRun(NioEndpoint.java:1455)
	at org.apache.tomcat.util.net.SocketProcessorBase.run(SocketProcessorBase.java:49)
	at java.util.concurrent.ThreadPoolExecutor.runWorker(ThreadPoolExecutor.java:1149)
	at java.util.concurrent.ThreadPoolExecutor$Worker.run(ThreadPoolExecutor.java:624)
	at org.apache.tomcat.util.threads.TaskThread$WrappingRunnable.run(TaskThread.java:61)
	at java.lang.Thread.run(Thread.java:748)
Caused by: java.io.IOException: An established connection was aborted by the software in your host machine
	at sun.nio.ch.SocketDispatcher.write0(Native Method)
	at sun.nio.ch.SocketDispatcher.write(SocketDispatcher.java:51)
	at sun.nio.ch.IOUtil.writeFromNativeBuffer(IOUtil.java:93)
	at sun.nio.ch.IOUtil.write(IOUtil.java:65)
	at sun.nio.ch.SocketChannelImpl.write(SocketChannelImpl.java:471)
	at org.apache.tomcat.util.net.NioChannel.write(NioChannel.java:134)
	at org.apache.tomcat.util.net.NioBlockingSelector.write(NioBlockingSelector.java:101)
	at org.apache.tomcat.util.net.NioSelectorPool.write(NioSelectorPool.java:157)
	at org.apache.tomcat.util.net.NioEndpoint$NioSocketWrapper.doWrite(NioEndpoint.java:1259)
	at org.apache.tomcat.util.net.SocketWrapperBase.doWrite(SocketWrapperBase.java:670)
	at org.apache.tomcat.util.net.SocketWrapperBase.flushBlocking(SocketWrapperBase.java:607)
	at org.apache.tomcat.util.net.SocketWrapperBase.flush(SocketWrapperBase.java:597)
	at org.apache.coyote.http11.Http11OutputBuffer.flushBuffer(Http11OutputBuffer.java:581)
	at org.apache.coyote.http11.Http11OutputBuffer.flush(Http11OutputBuffer.java:272)
	at org.apache.coyote.http11.Http11Processor.flush(Http11Processor.java:1506)
	at org.apache.coyote.AbstractProcessor.action(AbstractProcessor.java:279)
	at org.apache.coyote.Response.action(Response.java:174)
	at org.apache.catalina.connector.OutputBuffer.doFlush(OutputBuffer.java:317)
	... 92 common frames omitted
30-11-2018 11:05:36.703 [localhost-startStop-1] INFO  be.belga.reporter.ServletInitializer.logStarting - Starting ServletInitializer v0.0.1-SNAPSHOT on DESKTOP-IP018N7 with PID 5960 (D:\belga-reporter-new\belgareporter\.metadata\.plugins\org.eclipse.wst.server.core\tmp0\wtpwebapps\web-api\WEB-INF\classes started by NHAT.LE in D:\eclipse-jee-photon\eclipse)
30-11-2018 11:05:36.719 [localhost-startStop-1] DEBUG be.belga.reporter.ServletInitializer.logStarting - Running with Spring Boot v2.0.2.RELEASE, Spring v5.0.6.RELEASE
30-11-2018 11:05:36.724 [localhost-startStop-1] INFO  be.belga.reporter.ServletInitializer.logStartupProfileInfo - No active profile set, falling back to default profiles: default
30-11-2018 11:05:48.396 [localhost-startStop-1] INFO  o.h.jpa.internal.util.LogHelper.logPersistenceUnitInformation - HHH000204: Processing PersistenceUnitInfo [
	name: default
	...]
30-11-2018 11:05:48.870 [localhost-startStop-1] INFO  org.hibernate.Version.logVersion - HHH000412: Hibernate Core {5.2.17.Final}
30-11-2018 11:05:48.875 [localhost-startStop-1] INFO  org.hibernate.cfg.Environment.<clinit> - HHH000206: hibernate.properties not found
30-11-2018 11:05:48.971 [localhost-startStop-1] INFO  o.h.annotations.common.Version.<clinit> - HCANN000001: Hibernate Commons Annotations {5.0.1.Final}
30-11-2018 11:05:49.392 [localhost-startStop-1] INFO  org.hibernate.dialect.Dialect.<init> - HHH000400: Using dialect: org.hibernate.dialect.MySQL5Dialect
30-11-2018 11:05:50.848 [localhost-startStop-1] INFO  o.h.h.i.QueryTranslatorFactoryInitiator.initiateService - HHH000397: Using ASTQueryTranslatorFactory
30-11-2018 11:05:52.838 [localhost-startStop-1] DEBUG b.b.reporter.config.SpringBootConfig.dataPath - Data path: D:/belga-reporter/
30-11-2018 11:05:53.827 [localhost-startStop-1] WARN  o.s.s.o.p.t.s.JwtAccessTokenConverter.afterPropertiesSet - Unable to create an RSA verifier from verifierKey (ignoreable if using MAC)
30-11-2018 11:05:54.096 [localhost-startStop-1] WARN  o.s.b.a.o.j.JpaBaseConfiguration$JpaWebConfiguration$JpaWebMvcConfiguration.openEntityManagerInViewInterceptor - spring.jpa.open-in-view is enabled by default. Therefore, database queries may be performed during view rendering. Explicitly configure spring.jpa.open-in-view to disable this warning
30-11-2018 11:05:56.796 [localhost-startStop-1] WARN  o.s.s.c.a.web.builders.WebSecurity.performBuild - 

********************************************************************
**********        Security debugging is enabled.       *************
**********    This may include sensitive information.  *************
**********      Do not use in a production system!     *************
********************************************************************


30-11-2018 11:10:17.135 [localhost-startStop-1] INFO  be.belga.reporter.ServletInitializer.logStarting - Starting ServletInitializer v0.0.1-SNAPSHOT on DESKTOP-IP018N7 with PID 9876 (D:\belga-reporter-new\belgareporter\.metadata\.plugins\org.eclipse.wst.server.core\tmp0\wtpwebapps\web-api\WEB-INF\classes started by NHAT.LE in D:\eclipse-jee-photon\eclipse)
30-11-2018 11:10:17.150 [localhost-startStop-1] DEBUG be.belga.reporter.ServletInitializer.logStarting - Running with Spring Boot v2.0.2.RELEASE, Spring v5.0.6.RELEASE
30-11-2018 11:10:17.166 [localhost-startStop-1] INFO  be.belga.reporter.ServletInitializer.logStartupProfileInfo - No active profile set, falling back to default profiles: default
30-11-2018 11:10:26.006 [localhost-startStop-1] INFO  o.h.jpa.internal.util.LogHelper.logPersistenceUnitInformation - HHH000204: Processing PersistenceUnitInfo [
	name: default
	...]
30-11-2018 11:10:26.466 [localhost-startStop-1] INFO  org.hibernate.Version.logVersion - HHH000412: Hibernate Core {5.2.17.Final}
30-11-2018 11:10:26.466 [localhost-startStop-1] INFO  org.hibernate.cfg.Environment.<clinit> - HHH000206: hibernate.properties not found
30-11-2018 11:10:26.607 [localhost-startStop-1] INFO  o.h.annotations.common.Version.<clinit> - HCANN000001: Hibernate Commons Annotations {5.0.1.Final}
30-11-2018 11:10:27.013 [localhost-startStop-1] INFO  org.hibernate.dialect.Dialect.<init> - HHH000400: Using dialect: org.hibernate.dialect.MySQL5Dialect
30-11-2018 11:10:28.531 [localhost-startStop-1] INFO  o.h.h.i.QueryTranslatorFactoryInitiator.initiateService - HHH000397: Using ASTQueryTranslatorFactory
30-11-2018 11:10:30.130 [localhost-startStop-1] DEBUG b.b.reporter.config.SpringBootConfig.dataPath - Data path: D:/belga-reporter/
30-11-2018 11:10:31.073 [localhost-startStop-1] WARN  o.s.s.o.p.t.s.JwtAccessTokenConverter.afterPropertiesSet - Unable to create an RSA verifier from verifierKey (ignoreable if using MAC)
30-11-2018 11:10:31.339 [localhost-startStop-1] WARN  o.s.b.a.o.j.JpaBaseConfiguration$JpaWebConfiguration$JpaWebMvcConfiguration.openEntityManagerInViewInterceptor - spring.jpa.open-in-view is enabled by default. Therefore, database queries may be performed during view rendering. Explicitly configure spring.jpa.open-in-view to disable this warning
30-11-2018 11:10:33.892 [localhost-startStop-1] WARN  o.s.s.c.a.web.builders.WebSecurity.performBuild - 

********************************************************************
**********        Security debugging is enabled.       *************
**********    This may include sensitive information.  *************
**********      Do not use in a production system!     *************
********************************************************************


30-11-2018 11:10:37.876 [localhost-startStop-1] INFO  be.belga.reporter.ServletInitializer.logStarted - Started ServletInitializer in 21.693 seconds (JVM running for 37.933)
30-11-2018 11:11:19.455 [http-nio-8080-exec-3] ERROR o.s.b.w.s.support.ErrorPageFilter.handleCommittedResponse - Cannot forward to error page for request [/images/No_image_available.png] as the response has already been committed. As a result, the response may have the wrong status code. If your application is running on WebSphere Application Server you may be able to resolve this problem by setting com.ibm.ws.webcontainer.invokeFlushAfterService to false
org.apache.catalina.connector.ClientAbortException: java.io.IOException: An established connection was aborted by the software in your host machine
	at org.apache.catalina.connector.OutputBuffer.doFlush(OutputBuffer.java:321)
	at org.apache.catalina.connector.OutputBuffer.flush(OutputBuffer.java:284)
	at org.apache.catalina.connector.CoyoteOutputStream.flush(CoyoteOutputStream.java:118)
	at org.springframework.security.web.util.OnCommittedResponseWrapper$SaveContextServletOutputStream.flush(OnCommittedResponseWrapper.java:514)
	at org.springframework.util.StreamUtils.copy(StreamUtils.java:143)
	at org.springframework.http.converter.ResourceHttpMessageConverter.writeContent(ResourceHttpMessageConverter.java:132)
	at org.springframework.http.converter.ResourceHttpMessageConverter.writeInternal(ResourceHttpMessageConverter.java:124)
	at org.springframework.http.converter.ResourceHttpMessageConverter.writeInternal(ResourceHttpMessageConverter.java:45)
	at org.springframework.http.converter.AbstractHttpMessageConverter.write(AbstractHttpMessageConverter.java:224)
	at org.springframework.web.servlet.resource.ResourceHttpRequestHandler.handleRequest(ResourceHttpRequestHandler.java:487)
	at org.springframework.web.servlet.mvc.HttpRequestHandlerAdapter.handle(HttpRequestHandlerAdapter.java:53)
	at org.springframework.web.servlet.DispatcherServlet.doDispatch(DispatcherServlet.java:991)
	at org.springframework.web.servlet.DispatcherServlet.doService(DispatcherServlet.java:925)
	at org.springframework.web.servlet.FrameworkServlet.processRequest(FrameworkServlet.java:974)
	at org.springframework.web.servlet.FrameworkServlet.doGet(FrameworkServlet.java:866)
	at javax.servlet.http.HttpServlet.service(HttpServlet.java:635)
	at org.springframework.web.servlet.FrameworkServlet.service(FrameworkServlet.java:851)
	at javax.servlet.http.HttpServlet.service(HttpServlet.java:742)
	at org.apache.catalina.core.ApplicationFilterChain.internalDoFilter(ApplicationFilterChain.java:231)
	at org.apache.catalina.core.ApplicationFilterChain.doFilter(ApplicationFilterChain.java:166)
	at org.apache.tomcat.websocket.server.WsFilter.doFilter(WsFilter.java:52)
	at org.apache.catalina.core.ApplicationFilterChain.internalDoFilter(ApplicationFilterChain.java:193)
	at org.apache.catalina.core.ApplicationFilterChain.doFilter(ApplicationFilterChain.java:166)
	at org.springframework.boot.actuate.metrics.web.servlet.WebMvcMetricsFilter.filterAndRecordMetrics(WebMvcMetricsFilter.java:158)
	at org.springframework.boot.actuate.metrics.web.servlet.WebMvcMetricsFilter.filterAndRecordMetrics(WebMvcMetricsFilter.java:126)
	at org.springframework.boot.actuate.metrics.web.servlet.WebMvcMetricsFilter.doFilterInternal(WebMvcMetricsFilter.java:111)
	at org.springframework.web.filter.OncePerRequestFilter.doFilter(OncePerRequestFilter.java:107)
	at org.apache.catalina.core.ApplicationFilterChain.internalDoFilter(ApplicationFilterChain.java:193)
	at org.apache.catalina.core.ApplicationFilterChain.doFilter(ApplicationFilterChain.java:166)
	at org.springframework.boot.actuate.web.trace.servlet.HttpTraceFilter.doFilterInternal(HttpTraceFilter.java:84)
	at org.springframework.web.filter.OncePerRequestFilter.doFilter(OncePerRequestFilter.java:107)
	at org.apache.catalina.core.ApplicationFilterChain.internalDoFilter(ApplicationFilterChain.java:193)
	at org.apache.catalina.core.ApplicationFilterChain.doFilter(ApplicationFilterChain.java:166)
	at org.springframework.security.web.FilterChainProxy$VirtualFilterChain.doFilter(FilterChainProxy.java:320)
	at org.springframework.security.web.access.intercept.FilterSecurityInterceptor.invoke(FilterSecurityInterceptor.java:127)
	at org.springframework.security.web.access.intercept.FilterSecurityInterceptor.doFilter(FilterSecurityInterceptor.java:91)
	at org.springframework.security.web.FilterChainProxy$VirtualFilterChain.doFilter(FilterChainProxy.java:334)
	at org.springframework.security.web.access.ExceptionTranslationFilter.doFilter(ExceptionTranslationFilter.java:119)
	at org.springframework.security.web.FilterChainProxy$VirtualFilterChain.doFilter(FilterChainProxy.java:334)
	at org.springframework.security.web.session.SessionManagementFilter.doFilter(SessionManagementFilter.java:137)
	at org.springframework.security.web.FilterChainProxy$VirtualFilterChain.doFilter(FilterChainProxy.java:334)
	at org.springframework.security.web.servletapi.SecurityContextHolderAwareRequestFilter.doFilter(SecurityContextHolderAwareRequestFilter.java:170)
	at org.springframework.security.web.FilterChainProxy$VirtualFilterChain.doFilter(FilterChainProxy.java:334)
	at org.springframework.security.web.savedrequest.RequestCacheAwareFilter.doFilter(RequestCacheAwareFilter.java:63)
	at org.springframework.security.web.FilterChainProxy$VirtualFilterChain.doFilter(FilterChainProxy.java:334)
	at org.springframework.security.oauth2.provider.authentication.OAuth2AuthenticationProcessingFilter.doFilter(OAuth2AuthenticationProcessingFilter.java:176)
	at org.springframework.security.web.FilterChainProxy$VirtualFilterChain.doFilter(FilterChainProxy.java:334)
	at org.springframework.security.web.authentication.logout.LogoutFilter.doFilter(LogoutFilter.java:116)
	at org.springframework.security.web.FilterChainProxy$VirtualFilterChain.doFilter(FilterChainProxy.java:334)
	at org.springframework.security.web.header.HeaderWriterFilter.doFilterInternal(HeaderWriterFilter.java:66)
	at org.springframework.web.filter.OncePerRequestFilter.doFilter(OncePerRequestFilter.java:107)
	at org.springframework.security.web.FilterChainProxy$VirtualFilterChain.doFilter(FilterChainProxy.java:334)
	at org.springframework.security.web.context.SecurityContextPersistenceFilter.doFilter(SecurityContextPersistenceFilter.java:105)
	at org.springframework.security.web.FilterChainProxy$VirtualFilterChain.doFilter(FilterChainProxy.java:334)
	at org.springframework.security.web.context.request.async.WebAsyncManagerIntegrationFilter.doFilterInternal(WebAsyncManagerIntegrationFilter.java:56)
	at org.springframework.web.filter.OncePerRequestFilter.doFilter(OncePerRequestFilter.java:107)
	at org.springframework.security.web.FilterChainProxy$VirtualFilterChain.doFilter(FilterChainProxy.java:334)
	at org.springframework.security.web.FilterChainProxy.doFilterInternal(FilterChainProxy.java:215)
	at org.springframework.security.web.FilterChainProxy.doFilter(FilterChainProxy.java:178)
	at org.springframework.security.web.debug.DebugFilter.invokeWithWrappedRequest(DebugFilter.java:90)
	at org.springframework.security.web.debug.DebugFilter.doFilter(DebugFilter.java:77)
	at org.springframework.web.filter.DelegatingFilterProxy.invokeDelegate(DelegatingFilterProxy.java:357)
	at org.springframework.web.filter.DelegatingFilterProxy.doFilter(DelegatingFilterProxy.java:270)
	at org.apache.catalina.core.ApplicationFilterChain.internalDoFilter(ApplicationFilterChain.java:193)
	at org.apache.catalina.core.ApplicationFilterChain.doFilter(ApplicationFilterChain.java:166)
	at org.springframework.boot.web.servlet.support.ErrorPageFilter.doFilter(ErrorPageFilter.java:117)
	at org.springframework.boot.web.servlet.support.ErrorPageFilter.access$000(ErrorPageFilter.java:61)
	at org.springframework.boot.web.servlet.support.ErrorPageFilter$1.doFilterInternal(ErrorPageFilter.java:92)
	at org.springframework.web.filter.OncePerRequestFilter.doFilter(OncePerRequestFilter.java:107)
	at org.springframework.boot.web.servlet.support.ErrorPageFilter.doFilter(ErrorPageFilter.java:110)
	at org.apache.catalina.core.ApplicationFilterChain.internalDoFilter(ApplicationFilterChain.java:193)
	at org.apache.catalina.core.ApplicationFilterChain.doFilter(ApplicationFilterChain.java:166)
	at org.springframework.web.filter.CharacterEncodingFilter.doFilterInternal(CharacterEncodingFilter.java:200)
	at org.springframework.web.filter.OncePerRequestFilter.doFilter(OncePerRequestFilter.java:107)
	at org.apache.catalina.core.ApplicationFilterChain.internalDoFilter(ApplicationFilterChain.java:193)
	at org.apache.catalina.core.ApplicationFilterChain.doFilter(ApplicationFilterChain.java:166)
	at org.apache.catalina.core.StandardWrapperValve.invoke(StandardWrapperValve.java:198)
	at org.apache.catalina.core.StandardContextValve.invoke(StandardContextValve.java:96)
	at org.apache.catalina.authenticator.AuthenticatorBase.invoke(AuthenticatorBase.java:478)
	at org.apache.catalina.core.StandardHostValve.invoke(StandardHostValve.java:140)
	at org.apache.catalina.valves.ErrorReportValve.invoke(ErrorReportValve.java:80)
	at org.apache.catalina.valves.AbstractAccessLogValve.invoke(AbstractAccessLogValve.java:624)
	at org.apache.catalina.core.StandardEngineValve.invoke(StandardEngineValve.java:87)
	at org.apache.catalina.connector.CoyoteAdapter.service(CoyoteAdapter.java:342)
	at org.apache.coyote.http11.Http11Processor.service(Http11Processor.java:799)
	at org.apache.coyote.AbstractProcessorLight.process(AbstractProcessorLight.java:66)
	at org.apache.coyote.AbstractProtocol$ConnectionHandler.process(AbstractProtocol.java:861)
	at org.apache.tomcat.util.net.NioEndpoint$SocketProcessor.doRun(NioEndpoint.java:1455)
	at org.apache.tomcat.util.net.SocketProcessorBase.run(SocketProcessorBase.java:49)
	at java.util.concurrent.ThreadPoolExecutor.runWorker(ThreadPoolExecutor.java:1149)
	at java.util.concurrent.ThreadPoolExecutor$Worker.run(ThreadPoolExecutor.java:624)
	at org.apache.tomcat.util.threads.TaskThread$WrappingRunnable.run(TaskThread.java:61)
	at java.lang.Thread.run(Thread.java:748)
Caused by: java.io.IOException: An established connection was aborted by the software in your host machine
	at sun.nio.ch.SocketDispatcher.write0(Native Method)
	at sun.nio.ch.SocketDispatcher.write(SocketDispatcher.java:51)
	at sun.nio.ch.IOUtil.writeFromNativeBuffer(IOUtil.java:93)
	at sun.nio.ch.IOUtil.write(IOUtil.java:65)
	at sun.nio.ch.SocketChannelImpl.write(SocketChannelImpl.java:471)
	at org.apache.tomcat.util.net.NioChannel.write(NioChannel.java:134)
	at org.apache.tomcat.util.net.NioBlockingSelector.write(NioBlockingSelector.java:101)
	at org.apache.tomcat.util.net.NioSelectorPool.write(NioSelectorPool.java:157)
	at org.apache.tomcat.util.net.NioEndpoint$NioSocketWrapper.doWrite(NioEndpoint.java:1259)
	at org.apache.tomcat.util.net.SocketWrapperBase.doWrite(SocketWrapperBase.java:670)
	at org.apache.tomcat.util.net.SocketWrapperBase.flushBlocking(SocketWrapperBase.java:607)
	at org.apache.tomcat.util.net.SocketWrapperBase.flush(SocketWrapperBase.java:597)
	at org.apache.coyote.http11.Http11OutputBuffer.flushBuffer(Http11OutputBuffer.java:581)
	at org.apache.coyote.http11.Http11OutputBuffer.flush(Http11OutputBuffer.java:272)
	at org.apache.coyote.http11.Http11Processor.flush(Http11Processor.java:1506)
	at org.apache.coyote.AbstractProcessor.action(AbstractProcessor.java:279)
	at org.apache.coyote.Response.action(Response.java:174)
	at org.apache.catalina.connector.OutputBuffer.doFlush(OutputBuffer.java:317)
	... 92 common frames omitted
30-11-2018 13:34:07.303 [HikariPool-1 housekeeper] WARN  com.zaxxer.hikari.pool.HikariPool.run - HikariPool-1 - Thread starvation or clock leap detected (housekeeper delta=46m10s446ms675µs978ns).
30-11-2018 14:35:32.061 [localhost-startStop-1] INFO  be.belga.reporter.ServletInitializer.logStarting - Starting ServletInitializer v0.0.1-SNAPSHOT on DESKTOP-IP018N7 with PID 7232 (D:\belga-reporter-new\belgareporter\.metadata\.plugins\org.eclipse.wst.server.core\tmp0\wtpwebapps\web-api\WEB-INF\classes started by NHAT.LE in D:\eclipse-jee-photon\eclipse)
30-11-2018 14:35:32.071 [localhost-startStop-1] DEBUG be.belga.reporter.ServletInitializer.logStarting - Running with Spring Boot v2.0.2.RELEASE, Spring v5.0.6.RELEASE
30-11-2018 14:35:32.081 [localhost-startStop-1] INFO  be.belga.reporter.ServletInitializer.logStartupProfileInfo - No active profile set, falling back to default profiles: default
30-11-2018 14:35:47.318 [localhost-startStop-1] INFO  o.h.jpa.internal.util.LogHelper.logPersistenceUnitInformation - HHH000204: Processing PersistenceUnitInfo [
	name: default
	...]
30-11-2018 14:35:47.947 [localhost-startStop-1] INFO  org.hibernate.Version.logVersion - HHH000412: Hibernate Core {5.2.17.Final}
30-11-2018 14:35:47.954 [localhost-startStop-1] INFO  org.hibernate.cfg.Environment.<clinit> - HHH000206: hibernate.properties not found
30-11-2018 14:35:48.158 [localhost-startStop-1] INFO  o.h.annotations.common.Version.<clinit> - HCANN000001: Hibernate Commons Annotations {5.0.1.Final}
30-11-2018 14:35:48.546 [localhost-startStop-1] INFO  org.hibernate.dialect.Dialect.<init> - HHH000400: Using dialect: org.hibernate.dialect.MySQL5Dialect
30-11-2018 14:35:50.908 [localhost-startStop-1] INFO  o.h.h.i.QueryTranslatorFactoryInitiator.initiateService - HHH000397: Using ASTQueryTranslatorFactory
30-11-2018 14:35:53.146 [localhost-startStop-1] DEBUG b.b.reporter.config.SpringBootConfig.dataPath - Data path: D:/belga-reporter/
30-11-2018 14:35:54.463 [localhost-startStop-1] WARN  o.s.s.o.p.t.s.JwtAccessTokenConverter.afterPropertiesSet - Unable to create an RSA verifier from verifierKey (ignoreable if using MAC)
30-11-2018 14:35:54.816 [localhost-startStop-1] WARN  o.s.b.a.o.j.JpaBaseConfiguration$JpaWebConfiguration$JpaWebMvcConfiguration.openEntityManagerInViewInterceptor - spring.jpa.open-in-view is enabled by default. Therefore, database queries may be performed during view rendering. Explicitly configure spring.jpa.open-in-view to disable this warning
30-11-2018 14:35:58.317 [localhost-startStop-1] WARN  o.s.s.c.a.web.builders.WebSecurity.performBuild - 

********************************************************************
**********        Security debugging is enabled.       *************
**********    This may include sensitive information.  *************
**********      Do not use in a production system!     *************
********************************************************************


30-11-2018 14:36:04.921 [localhost-startStop-1] INFO  be.belga.reporter.ServletInitializer.logStarted - Started ServletInitializer in 34.353 seconds (JVM running for 59.86)
30-11-2018 14:41:26.264 [http-nio-8080-exec-2] ERROR o.s.b.w.s.support.ErrorPageFilter.handleCommittedResponse - Cannot forward to error page for request [/images/No_image_available.png] as the response has already been committed. As a result, the response may have the wrong status code. If your application is running on WebSphere Application Server you may be able to resolve this problem by setting com.ibm.ws.webcontainer.invokeFlushAfterService to false
org.apache.catalina.connector.ClientAbortException: java.io.IOException: An established connection was aborted by the software in your host machine
	at org.apache.catalina.connector.OutputBuffer.doFlush(OutputBuffer.java:321)
	at org.apache.catalina.connector.OutputBuffer.flush(OutputBuffer.java:284)
	at org.apache.catalina.connector.CoyoteOutputStream.flush(CoyoteOutputStream.java:118)
	at org.springframework.security.web.util.OnCommittedResponseWrapper$SaveContextServletOutputStream.flush(OnCommittedResponseWrapper.java:514)
	at org.springframework.util.StreamUtils.copy(StreamUtils.java:143)
	at org.springframework.http.converter.ResourceHttpMessageConverter.writeContent(ResourceHttpMessageConverter.java:132)
	at org.springframework.http.converter.ResourceHttpMessageConverter.writeInternal(ResourceHttpMessageConverter.java:124)
	at org.springframework.http.converter.ResourceHttpMessageConverter.writeInternal(ResourceHttpMessageConverter.java:45)
	at org.springframework.http.converter.AbstractHttpMessageConverter.write(AbstractHttpMessageConverter.java:224)
	at org.springframework.web.servlet.resource.ResourceHttpRequestHandler.handleRequest(ResourceHttpRequestHandler.java:487)
	at org.springframework.web.servlet.mvc.HttpRequestHandlerAdapter.handle(HttpRequestHandlerAdapter.java:53)
	at org.springframework.web.servlet.DispatcherServlet.doDispatch(DispatcherServlet.java:991)
	at org.springframework.web.servlet.DispatcherServlet.doService(DispatcherServlet.java:925)
	at org.springframework.web.servlet.FrameworkServlet.processRequest(FrameworkServlet.java:974)
	at org.springframework.web.servlet.FrameworkServlet.doGet(FrameworkServlet.java:866)
	at javax.servlet.http.HttpServlet.service(HttpServlet.java:635)
	at org.springframework.web.servlet.FrameworkServlet.service(FrameworkServlet.java:851)
	at javax.servlet.http.HttpServlet.service(HttpServlet.java:742)
	at org.apache.catalina.core.ApplicationFilterChain.internalDoFilter(ApplicationFilterChain.java:231)
	at org.apache.catalina.core.ApplicationFilterChain.doFilter(ApplicationFilterChain.java:166)
	at org.apache.tomcat.websocket.server.WsFilter.doFilter(WsFilter.java:52)
	at org.apache.catalina.core.ApplicationFilterChain.internalDoFilter(ApplicationFilterChain.java:193)
	at org.apache.catalina.core.ApplicationFilterChain.doFilter(ApplicationFilterChain.java:166)
	at org.springframework.boot.actuate.metrics.web.servlet.WebMvcMetricsFilter.filterAndRecordMetrics(WebMvcMetricsFilter.java:158)
	at org.springframework.boot.actuate.metrics.web.servlet.WebMvcMetricsFilter.filterAndRecordMetrics(WebMvcMetricsFilter.java:126)
	at org.springframework.boot.actuate.metrics.web.servlet.WebMvcMetricsFilter.doFilterInternal(WebMvcMetricsFilter.java:111)
	at org.springframework.web.filter.OncePerRequestFilter.doFilter(OncePerRequestFilter.java:107)
	at org.apache.catalina.core.ApplicationFilterChain.internalDoFilter(ApplicationFilterChain.java:193)
	at org.apache.catalina.core.ApplicationFilterChain.doFilter(ApplicationFilterChain.java:166)
	at org.springframework.boot.actuate.web.trace.servlet.HttpTraceFilter.doFilterInternal(HttpTraceFilter.java:84)
	at org.springframework.web.filter.OncePerRequestFilter.doFilter(OncePerRequestFilter.java:107)
	at org.apache.catalina.core.ApplicationFilterChain.internalDoFilter(ApplicationFilterChain.java:193)
	at org.apache.catalina.core.ApplicationFilterChain.doFilter(ApplicationFilterChain.java:166)
	at org.springframework.security.web.FilterChainProxy$VirtualFilterChain.doFilter(FilterChainProxy.java:320)
	at org.springframework.security.web.access.intercept.FilterSecurityInterceptor.invoke(FilterSecurityInterceptor.java:127)
	at org.springframework.security.web.access.intercept.FilterSecurityInterceptor.doFilter(FilterSecurityInterceptor.java:91)
	at org.springframework.security.web.FilterChainProxy$VirtualFilterChain.doFilter(FilterChainProxy.java:334)
	at org.springframework.security.web.access.ExceptionTranslationFilter.doFilter(ExceptionTranslationFilter.java:119)
	at org.springframework.security.web.FilterChainProxy$VirtualFilterChain.doFilter(FilterChainProxy.java:334)
	at org.springframework.security.web.session.SessionManagementFilter.doFilter(SessionManagementFilter.java:137)
	at org.springframework.security.web.FilterChainProxy$VirtualFilterChain.doFilter(FilterChainProxy.java:334)
	at org.springframework.security.web.servletapi.SecurityContextHolderAwareRequestFilter.doFilter(SecurityContextHolderAwareRequestFilter.java:170)
	at org.springframework.security.web.FilterChainProxy$VirtualFilterChain.doFilter(FilterChainProxy.java:334)
	at org.springframework.security.web.savedrequest.RequestCacheAwareFilter.doFilter(RequestCacheAwareFilter.java:63)
	at org.springframework.security.web.FilterChainProxy$VirtualFilterChain.doFilter(FilterChainProxy.java:334)
	at org.springframework.security.oauth2.provider.authentication.OAuth2AuthenticationProcessingFilter.doFilter(OAuth2AuthenticationProcessingFilter.java:176)
	at org.springframework.security.web.FilterChainProxy$VirtualFilterChain.doFilter(FilterChainProxy.java:334)
	at org.springframework.security.web.authentication.logout.LogoutFilter.doFilter(LogoutFilter.java:116)
	at org.springframework.security.web.FilterChainProxy$VirtualFilterChain.doFilter(FilterChainProxy.java:334)
	at org.springframework.security.web.header.HeaderWriterFilter.doFilterInternal(HeaderWriterFilter.java:66)
	at org.springframework.web.filter.OncePerRequestFilter.doFilter(OncePerRequestFilter.java:107)
	at org.springframework.security.web.FilterChainProxy$VirtualFilterChain.doFilter(FilterChainProxy.java:334)
	at org.springframework.security.web.context.SecurityContextPersistenceFilter.doFilter(SecurityContextPersistenceFilter.java:105)
	at org.springframework.security.web.FilterChainProxy$VirtualFilterChain.doFilter(FilterChainProxy.java:334)
	at org.springframework.security.web.context.request.async.WebAsyncManagerIntegrationFilter.doFilterInternal(WebAsyncManagerIntegrationFilter.java:56)
	at org.springframework.web.filter.OncePerRequestFilter.doFilter(OncePerRequestFilter.java:107)
	at org.springframework.security.web.FilterChainProxy$VirtualFilterChain.doFilter(FilterChainProxy.java:334)
	at org.springframework.security.web.FilterChainProxy.doFilterInternal(FilterChainProxy.java:215)
	at org.springframework.security.web.FilterChainProxy.doFilter(FilterChainProxy.java:178)
	at org.springframework.security.web.debug.DebugFilter.invokeWithWrappedRequest(DebugFilter.java:90)
	at org.springframework.security.web.debug.DebugFilter.doFilter(DebugFilter.java:77)
	at org.springframework.web.filter.DelegatingFilterProxy.invokeDelegate(DelegatingFilterProxy.java:357)
	at org.springframework.web.filter.DelegatingFilterProxy.doFilter(DelegatingFilterProxy.java:270)
	at org.apache.catalina.core.ApplicationFilterChain.internalDoFilter(ApplicationFilterChain.java:193)
	at org.apache.catalina.core.ApplicationFilterChain.doFilter(ApplicationFilterChain.java:166)
	at org.springframework.boot.web.servlet.support.ErrorPageFilter.doFilter(ErrorPageFilter.java:117)
	at org.springframework.boot.web.servlet.support.ErrorPageFilter.access$000(ErrorPageFilter.java:61)
	at org.springframework.boot.web.servlet.support.ErrorPageFilter$1.doFilterInternal(ErrorPageFilter.java:92)
	at org.springframework.web.filter.OncePerRequestFilter.doFilter(OncePerRequestFilter.java:107)
	at org.springframework.boot.web.servlet.support.ErrorPageFilter.doFilter(ErrorPageFilter.java:110)
	at org.apache.catalina.core.ApplicationFilterChain.internalDoFilter(ApplicationFilterChain.java:193)
	at org.apache.catalina.core.ApplicationFilterChain.doFilter(ApplicationFilterChain.java:166)
	at org.springframework.web.filter.CharacterEncodingFilter.doFilterInternal(CharacterEncodingFilter.java:200)
	at org.springframework.web.filter.OncePerRequestFilter.doFilter(OncePerRequestFilter.java:107)
	at org.apache.catalina.core.ApplicationFilterChain.internalDoFilter(ApplicationFilterChain.java:193)
	at org.apache.catalina.core.ApplicationFilterChain.doFilter(ApplicationFilterChain.java:166)
	at org.apache.catalina.core.StandardWrapperValve.invoke(StandardWrapperValve.java:198)
	at org.apache.catalina.core.StandardContextValve.invoke(StandardContextValve.java:96)
	at org.apache.catalina.authenticator.AuthenticatorBase.invoke(AuthenticatorBase.java:478)
	at org.apache.catalina.core.StandardHostValve.invoke(StandardHostValve.java:140)
	at org.apache.catalina.valves.ErrorReportValve.invoke(ErrorReportValve.java:80)
	at org.apache.catalina.valves.AbstractAccessLogValve.invoke(AbstractAccessLogValve.java:624)
	at org.apache.catalina.core.StandardEngineValve.invoke(StandardEngineValve.java:87)
	at org.apache.catalina.connector.CoyoteAdapter.service(CoyoteAdapter.java:342)
	at org.apache.coyote.http11.Http11Processor.service(Http11Processor.java:799)
	at org.apache.coyote.AbstractProcessorLight.process(AbstractProcessorLight.java:66)
	at org.apache.coyote.AbstractProtocol$ConnectionHandler.process(AbstractProtocol.java:861)
	at org.apache.tomcat.util.net.NioEndpoint$SocketProcessor.doRun(NioEndpoint.java:1455)
	at org.apache.tomcat.util.net.SocketProcessorBase.run(SocketProcessorBase.java:49)
	at java.util.concurrent.ThreadPoolExecutor.runWorker(ThreadPoolExecutor.java:1149)
	at java.util.concurrent.ThreadPoolExecutor$Worker.run(ThreadPoolExecutor.java:624)
	at org.apache.tomcat.util.threads.TaskThread$WrappingRunnable.run(TaskThread.java:61)
	at java.lang.Thread.run(Thread.java:748)
Caused by: java.io.IOException: An established connection was aborted by the software in your host machine
	at sun.nio.ch.SocketDispatcher.write0(Native Method)
	at sun.nio.ch.SocketDispatcher.write(SocketDispatcher.java:51)
	at sun.nio.ch.IOUtil.writeFromNativeBuffer(IOUtil.java:93)
	at sun.nio.ch.IOUtil.write(IOUtil.java:65)
	at sun.nio.ch.SocketChannelImpl.write(SocketChannelImpl.java:471)
	at org.apache.tomcat.util.net.NioChannel.write(NioChannel.java:134)
	at org.apache.tomcat.util.net.NioBlockingSelector.write(NioBlockingSelector.java:101)
	at org.apache.tomcat.util.net.NioSelectorPool.write(NioSelectorPool.java:157)
	at org.apache.tomcat.util.net.NioEndpoint$NioSocketWrapper.doWrite(NioEndpoint.java:1259)
	at org.apache.tomcat.util.net.SocketWrapperBase.doWrite(SocketWrapperBase.java:670)
	at org.apache.tomcat.util.net.SocketWrapperBase.flushBlocking(SocketWrapperBase.java:607)
	at org.apache.tomcat.util.net.SocketWrapperBase.flush(SocketWrapperBase.java:597)
	at org.apache.coyote.http11.Http11OutputBuffer.flushBuffer(Http11OutputBuffer.java:581)
	at org.apache.coyote.http11.Http11OutputBuffer.flush(Http11OutputBuffer.java:272)
	at org.apache.coyote.http11.Http11Processor.flush(Http11Processor.java:1506)
	at org.apache.coyote.AbstractProcessor.action(AbstractProcessor.java:279)
	at org.apache.coyote.Response.action(Response.java:174)
	at org.apache.catalina.connector.OutputBuffer.doFlush(OutputBuffer.java:317)
	... 92 common frames omitted
30-11-2018 14:45:35.210 [ContainerBackgroundProcessor[StandardEngine[Catalina]]] INFO  be.belga.reporter.ServletInitializer.logStarting - Starting ServletInitializer v0.0.1-SNAPSHOT on DESKTOP-IP018N7 with PID 7232 (D:\belga-reporter-new\belgareporter\.metadata\.plugins\org.eclipse.wst.server.core\tmp0\wtpwebapps\web-api\WEB-INF\classes started by NHAT.LE in D:\eclipse-jee-photon\eclipse)
30-11-2018 14:45:35.221 [ContainerBackgroundProcessor[StandardEngine[Catalina]]] DEBUG be.belga.reporter.ServletInitializer.logStarting - Running with Spring Boot v2.0.2.RELEASE, Spring v5.0.6.RELEASE
30-11-2018 14:45:35.230 [ContainerBackgroundProcessor[StandardEngine[Catalina]]] INFO  be.belga.reporter.ServletInitializer.logStartupProfileInfo - No active profile set, falling back to default profiles: default
30-11-2018 14:45:46.597 [ContainerBackgroundProcessor[StandardEngine[Catalina]]] INFO  o.h.jpa.internal.util.LogHelper.logPersistenceUnitInformation - HHH000204: Processing PersistenceUnitInfo [
	name: default
	...]
30-11-2018 14:45:46.860 [ContainerBackgroundProcessor[StandardEngine[Catalina]]] INFO  org.hibernate.Version.logVersion - HHH000412: Hibernate Core {5.2.17.Final}
30-11-2018 14:45:46.860 [ContainerBackgroundProcessor[StandardEngine[Catalina]]] INFO  org.hibernate.cfg.Environment.<clinit> - HHH000206: hibernate.properties not found
30-11-2018 14:45:46.960 [ContainerBackgroundProcessor[StandardEngine[Catalina]]] INFO  o.h.annotations.common.Version.<clinit> - HCANN000001: Hibernate Commons Annotations {5.0.1.Final}
30-11-2018 14:45:47.290 [ContainerBackgroundProcessor[StandardEngine[Catalina]]] INFO  org.hibernate.dialect.Dialect.<init> - HHH000400: Using dialect: org.hibernate.dialect.MySQL5Dialect
30-11-2018 14:45:48.674 [ContainerBackgroundProcessor[StandardEngine[Catalina]]] INFO  o.h.h.i.QueryTranslatorFactoryInitiator.initiateService - HHH000397: Using ASTQueryTranslatorFactory
30-11-2018 14:45:51.547 [ContainerBackgroundProcessor[StandardEngine[Catalina]]] DEBUG b.b.reporter.config.SpringBootConfig.dataPath - Data path: D:/belga-reporter/
30-11-2018 14:45:52.504 [ContainerBackgroundProcessor[StandardEngine[Catalina]]] WARN  o.s.s.o.p.t.s.JwtAccessTokenConverter.afterPropertiesSet - Unable to create an RSA verifier from verifierKey (ignoreable if using MAC)
30-11-2018 14:45:52.847 [ContainerBackgroundProcessor[StandardEngine[Catalina]]] WARN  o.s.b.a.o.j.JpaBaseConfiguration$JpaWebConfiguration$JpaWebMvcConfiguration.openEntityManagerInViewInterceptor - spring.jpa.open-in-view is enabled by default. Therefore, database queries may be performed during view rendering. Explicitly configure spring.jpa.open-in-view to disable this warning
30-11-2018 14:45:55.661 [ContainerBackgroundProcessor[StandardEngine[Catalina]]] WARN  o.s.s.c.a.web.builders.WebSecurity.performBuild - 

********************************************************************
**********        Security debugging is enabled.       *************
**********    This may include sensitive information.  *************
**********      Do not use in a production system!     *************
********************************************************************


30-11-2018 14:46:01.061 [ContainerBackgroundProcessor[StandardEngine[Catalina]]] INFO  be.belga.reporter.ServletInitializer.logStarted - Started ServletInitializer in 26.701 seconds (JVM running for 656.001)
30-11-2018 14:46:33.065 [localhost-startStop-1] INFO  be.belga.reporter.ServletInitializer.logStarting - Starting ServletInitializer v0.0.1-SNAPSHOT on DESKTOP-IP018N7 with PID 5284 (D:\belga-reporter-new\belgareporter\.metadata\.plugins\org.eclipse.wst.server.core\tmp0\wtpwebapps\web-api\WEB-INF\classes started by NHAT.LE in D:\eclipse-jee-photon\eclipse)
30-11-2018 14:46:33.072 [localhost-startStop-1] DEBUG be.belga.reporter.ServletInitializer.logStarting - Running with Spring Boot v2.0.2.RELEASE, Spring v5.0.6.RELEASE
30-11-2018 14:46:33.086 [localhost-startStop-1] INFO  be.belga.reporter.ServletInitializer.logStartupProfileInfo - No active profile set, falling back to default profiles: default
30-11-2018 14:46:45.242 [localhost-startStop-1] INFO  o.h.jpa.internal.util.LogHelper.logPersistenceUnitInformation - HHH000204: Processing PersistenceUnitInfo [
	name: default
	...]
30-11-2018 14:46:45.583 [localhost-startStop-1] INFO  org.hibernate.Version.logVersion - HHH000412: Hibernate Core {5.2.17.Final}
30-11-2018 14:46:45.593 [localhost-startStop-1] INFO  org.hibernate.cfg.Environment.<clinit> - HHH000206: hibernate.properties not found
30-11-2018 14:46:45.715 [localhost-startStop-1] INFO  o.h.annotations.common.Version.<clinit> - HCANN000001: Hibernate Commons Annotations {5.0.1.Final}
30-11-2018 14:46:46.110 [localhost-startStop-1] INFO  org.hibernate.dialect.Dialect.<init> - HHH000400: Using dialect: org.hibernate.dialect.MySQL5Dialect
30-11-2018 14:46:47.822 [localhost-startStop-1] INFO  o.h.h.i.QueryTranslatorFactoryInitiator.initiateService - HHH000397: Using ASTQueryTranslatorFactory
30-11-2018 14:46:49.522 [localhost-startStop-1] DEBUG b.b.reporter.config.SpringBootConfig.dataPath - Data path: D:/belga-reporter/
30-11-2018 14:46:50.532 [localhost-startStop-1] WARN  o.s.s.o.p.t.s.JwtAccessTokenConverter.afterPropertiesSet - Unable to create an RSA verifier from verifierKey (ignoreable if using MAC)
30-11-2018 14:46:50.832 [localhost-startStop-1] WARN  o.s.b.a.o.j.JpaBaseConfiguration$JpaWebConfiguration$JpaWebMvcConfiguration.openEntityManagerInViewInterceptor - spring.jpa.open-in-view is enabled by default. Therefore, database queries may be performed during view rendering. Explicitly configure spring.jpa.open-in-view to disable this warning
30-11-2018 14:46:53.650 [localhost-startStop-1] WARN  o.s.s.c.a.web.builders.WebSecurity.performBuild - 

********************************************************************
**********        Security debugging is enabled.       *************
**********    This may include sensitive information.  *************
**********      Do not use in a production system!     *************
********************************************************************


30-11-2018 14:46:57.905 [localhost-startStop-1] INFO  be.belga.reporter.ServletInitializer.logStarted - Started ServletInitializer in 26.071 seconds (JVM running for 44.82)
